[debug] [2019-09-05T13:26:48.062Z] ----------------------------------------------------------------------
[debug] [2019-09-05T13:26:48.065Z] Command:       /Users/omarmhaimdat/.nvm/versions/node/v10.2.1/bin/node /usr/local/bin/firebase deploy --only functions
[debug] [2019-09-05T13:26:48.065Z] CLI Version:   7.3.1
[debug] [2019-09-05T13:26:48.065Z] Platform:      darwin
[debug] [2019-09-05T13:26:48.065Z] Node Version:  v10.2.1
[debug] [2019-09-05T13:26:48.066Z] Time:          Thu Sep 05 2019 14:26:48 GMT+0100 (+01)
[debug] [2019-09-05T13:26:48.066Z] ----------------------------------------------------------------------
[debug] 
[debug] [2019-09-05T13:26:48.077Z] > command requires scopes: ["email","openid","https://www.googleapis.com/auth/cloudplatformprojects.readonly","https://www.googleapis.com/auth/firebase","https://www.googleapis.com/auth/cloud-platform"]
[debug] [2019-09-05T13:26:48.078Z] > authorizing via signed-in user
[debug] [2019-09-05T13:26:48.078Z] [iam] checking project exmachina-bd482 for permissions ["cloudfunctions.functions.create","cloudfunctions.functions.delete","cloudfunctions.functions.get","cloudfunctions.functions.list","cloudfunctions.functions.update","cloudfunctions.operations.get","firebase.projects.get"]
[debug] [2019-09-05T13:26:48.080Z] >>> HTTP REQUEST POST https://cloudresourcemanager.googleapis.com/v1/projects/exmachina-bd482:testIamPermissions  

[debug] [2019-09-05T13:26:49.032Z] <<< HTTP RESPONSE 200
[warn] ⚠  functions: package.json indicates an outdated version of firebase-functions.
 Please upgrade using npm install --save firebase-functions@latest in your functions directory.
[info] 
[info] === Deploying to 'exmachina-bd482'...
[info] 
[info] i  deploying functions
[debug] [2019-09-05T13:26:51.124Z] > [functions] package.json contents: {
  "name": "new-user-email-functions",
  "description": "Send an email to new users and users who delete their account",
  "dependencies": {
    "nodemailer": "^4.0.1",
    "firebase-admin": "~7.1.1",
    "firebase-functions": "^2.2.1"
  },
  "devDependencies": {
    "eslint": "^4.13.1",
    "eslint-plugin-promise": "^3.6.0"
  },
  "scripts": {
    "lint": "./node_modules/.bin/eslint --max-warnings=0 .",
    "serve": "firebase serve --only functions",
    "shell": "firebase experimental:functions:shell",
    "start": "npm run shell",
    "deploy": "firebase deploy --only functions",
    "logs": "firebase functions:log"
  },
  "engines": {
    "node": "8"
  },
  "private": true
}
[info] i  functions: ensuring necessary APIs are enabled...
[debug] [2019-09-05T13:26:51.126Z] >>> HTTP REQUEST GET https://serviceusage.googleapis.com/v1/projects/exmachina-bd482/services/cloudfunctions.googleapis.com  
 
[debug] [2019-09-05T13:26:51.127Z] >>> HTTP REQUEST GET https://serviceusage.googleapis.com/v1/projects/exmachina-bd482/services/runtimeconfig.googleapis.com  
 
[debug] [2019-09-05T13:26:52.125Z] <<< HTTP RESPONSE 200
[debug] [2019-09-05T13:26:52.165Z] <<< HTTP RESPONSE 200
[info] ✔  functions: all necessary APIs are enabled
[debug] [2019-09-05T13:26:52.166Z] >>> HTTP REQUEST GET https://firebase.googleapis.com/v1beta1/projects/exmachina-bd482/adminSdkConfig  
 
[debug] [2019-09-05T13:26:52.440Z] <<< HTTP RESPONSE 200
[info] i  functions: preparing functions directory for uploading...
[debug] [2019-09-05T13:26:52.443Z] >>> HTTP REQUEST GET https://runtimeconfig.googleapis.com/v1beta1/projects/exmachina-bd482/configs  
 
[debug] [2019-09-05T13:26:53.305Z] <<< HTTP RESPONSE 200
[debug] [2019-09-05T13:26:53.306Z] >>> HTTP REQUEST GET https://runtimeconfig.googleapis.com/v1beta1/projects/exmachina-bd482/configs/gmail/variables  
 
[debug] [2019-09-05T13:26:53.587Z] <<< HTTP RESPONSE 200
[debug] [2019-09-05T13:26:53.588Z] >>> HTTP REQUEST GET https://runtimeconfig.googleapis.com/v1beta1/projects/exmachina-bd482/configs/gmail/variables/email  
 
[debug] [2019-09-05T13:26:53.589Z] >>> HTTP REQUEST GET https://runtimeconfig.googleapis.com/v1beta1/projects/exmachina-bd482/configs/gmail/variables/password  
 
[debug] [2019-09-05T13:26:54.448Z] <<< HTTP RESPONSE 200
[debug] [2019-09-05T13:26:54.748Z] <<< HTTP RESPONSE 200
[info] i  functions: packaged functions (400.93 KB) for uploading
[debug] [2019-09-05T13:26:55.062Z] >>> HTTP REQUEST POST https://cloudfunctions.googleapis.com/v1/projects/exmachina-bd482/locations/us-central1/functions:generateUploadUrl  
 
[debug] [2019-09-05T13:26:55.708Z] <<< HTTP RESPONSE 200
[debug] [2019-09-05T13:26:55.709Z] >>> HTTP REQUEST PUT https://storage.googleapis.com/gcf-upload-us-central1-4280b118-6f75-49e7-b7f3-0cecec631504/af1825d9-9b55-4ac4-bacf-229a7948439c.zip?GoogleAccessId=service-177964333236@gcf-admin-robot.iam.gserviceaccount.com&Expires=1567691815&Signature=i2yZ800Tqs3GhoiI8CQ3Q%2Ft%2Fso6%2FtioP8wdamPiKimT09INwLTe1YbciTfo0u1nCf7SyQ8jRtgcOwyZPT2tvX1KKxyafr0szPBEbspJRJTZAIN%2FMdb6tfruii%2F418YaA2ocdyMEkpRTz54umvkSu7USya1376lpMOLxYxDBgJ5akYsPqc1iuXaxyplh4EGwi05DAeQlTLh1sbPlx8f7%2F4XIRQSGUS2hZz62SqMiVwG%2BOKH%2BcFPDOirmvCW3f3IO0R1iE6JI8swVjbdmZtwUvTrhsWxr%2F75dMKS9FJuRSoMXM1MS4f9orJqKGAawTAj4Qf%2BiCW79L4tP9Ouc6Yxdzbg%3D%3D  
 <request body omitted>
[debug] [2019-09-05T13:26:56.419Z] <<< HTTP RESPONSE 200
[info] ✔  functions: functions folder uploaded successfully
[debug] [2019-09-05T13:26:56.423Z] >>> HTTP REQUEST GET https://cloudfunctions.googleapis.com/v1/projects/exmachina-bd482/locations/-/functions  
 
[debug] [2019-09-05T13:26:56.937Z] <<< HTTP RESPONSE 200
[info] i  functions: updating Node.js 8 function sendWelcomeEmail(us-central1)...
[debug] [2019-09-05T13:26:56.940Z] Trigger is:  {"eventTrigger":{"resource":"projects/exmachina-bd482","eventType":"providers/firebase.auth/eventTypes/user.create","service":"firebaseauth.googleapis.com"}}
[info] i  functions: updating Node.js 8 function sendByeEmail(us-central1)...
[debug] [2019-09-05T13:26:56.940Z] Trigger is:  {"eventTrigger":{"resource":"projects/exmachina-bd482","eventType":"providers/firebase.auth/eventTypes/user.delete","service":"firebaseauth.googleapis.com"}}
[debug] [2019-09-05T13:26:56.941Z] >>> HTTP REQUEST GET https://serviceusage.googleapis.com/v1/projects/exmachina-bd482/services/cloudscheduler.googleapis.com  
 
[debug] [2019-09-05T13:26:57.825Z] <<< HTTP RESPONSE 200
[debug] [2019-09-05T13:26:57.831Z] >>> HTTP REQUEST PATCH https://cloudfunctions.googleapis.com/v1/projects/exmachina-bd482/locations/us-central1/functions/sendWelcomeEmail {"updateMask":"sourceUploadUrl,name,labels,runtime,eventTrigger.resource,eventTrigger.eventType,eventTrigger.service"} 

[debug] [2019-09-05T13:26:57.833Z] >>> HTTP REQUEST PATCH https://cloudfunctions.googleapis.com/v1/projects/exmachina-bd482/locations/us-central1/functions/sendByeEmail {"updateMask":"sourceUploadUrl,name,labels,runtime,eventTrigger.resource,eventTrigger.eventType,eventTrigger.service"} 

[debug] [2019-09-05T13:26:58.215Z] <<< HTTP RESPONSE 200
[debug] [2019-09-05T13:26:58.279Z] <<< HTTP RESPONSE 200
[debug] [2019-09-05T13:26:58.280Z] >>> HTTP REQUEST GET https://cloudfunctions.googleapis.com/v1/operations/ZXhtYWNoaW5hLWJkNDgyL3VzLWNlbnRyYWwxL3NlbmRXZWxjb21lRW1haWwvdE5xSUoxMnBuUVU  
 
[debug] [2019-09-05T13:26:58.281Z] >>> HTTP REQUEST GET https://cloudfunctions.googleapis.com/v1/operations/ZXhtYWNoaW5hLWJkNDgyL3VzLWNlbnRyYWwxL3NlbmRCeWVFbWFpbC9PZWl4OGNJNDlNNA  
 
[debug] [2019-09-05T13:26:58.553Z] <<< HTTP RESPONSE 200
[debug] [2019-09-05T13:26:58.554Z] <<< HTTP RESPONSE 200
[debug] [2019-09-05T13:27:00.560Z] >>> HTTP REQUEST GET https://cloudfunctions.googleapis.com/v1/operations/ZXhtYWNoaW5hLWJkNDgyL3VzLWNlbnRyYWwxL3NlbmRXZWxjb21lRW1haWwvdE5xSUoxMnBuUVU  
 
[debug] [2019-09-05T13:27:00.561Z] >>> HTTP REQUEST GET https://cloudfunctions.googleapis.com/v1/operations/ZXhtYWNoaW5hLWJkNDgyL3VzLWNlbnRyYWwxL3NlbmRCeWVFbWFpbC9PZWl4OGNJNDlNNA  
 
[debug] [2019-09-05T13:27:00.822Z] <<< HTTP RESPONSE 200
[debug] [2019-09-05T13:27:00.830Z] <<< HTTP RESPONSE 200
[debug] [2019-09-05T13:27:02.826Z] >>> HTTP REQUEST GET https://cloudfunctions.googleapis.com/v1/operations/ZXhtYWNoaW5hLWJkNDgyL3VzLWNlbnRyYWwxL3NlbmRCeWVFbWFpbC9PZWl4OGNJNDlNNA  
 
[debug] [2019-09-05T13:27:02.831Z] >>> HTTP REQUEST GET https://cloudfunctions.googleapis.com/v1/operations/ZXhtYWNoaW5hLWJkNDgyL3VzLWNlbnRyYWwxL3NlbmRXZWxjb21lRW1haWwvdE5xSUoxMnBuUVU  
 
[debug] [2019-09-05T13:27:03.098Z] <<< HTTP RESPONSE 200
[debug] [2019-09-05T13:27:03.104Z] <<< HTTP RESPONSE 200
[debug] [2019-09-05T13:27:05.102Z] >>> HTTP REQUEST GET https://cloudfunctions.googleapis.com/v1/operations/ZXhtYWNoaW5hLWJkNDgyL3VzLWNlbnRyYWwxL3NlbmRCeWVFbWFpbC9PZWl4OGNJNDlNNA  
 
[debug] [2019-09-05T13:27:05.105Z] >>> HTTP REQUEST GET https://cloudfunctions.googleapis.com/v1/operations/ZXhtYWNoaW5hLWJkNDgyL3VzLWNlbnRyYWwxL3NlbmRXZWxjb21lRW1haWwvdE5xSUoxMnBuUVU  
 
[debug] [2019-09-05T13:27:05.375Z] <<< HTTP RESPONSE 200
[debug] [2019-09-05T13:27:05.513Z] <<< HTTP RESPONSE 200
[debug] [2019-09-05T13:27:07.380Z] >>> HTTP REQUEST GET https://cloudfunctions.googleapis.com/v1/operations/ZXhtYWNoaW5hLWJkNDgyL3VzLWNlbnRyYWwxL3NlbmRXZWxjb21lRW1haWwvdE5xSUoxMnBuUVU  
 
[debug] [2019-09-05T13:27:07.518Z] >>> HTTP REQUEST GET https://cloudfunctions.googleapis.com/v1/operations/ZXhtYWNoaW5hLWJkNDgyL3VzLWNlbnRyYWwxL3NlbmRCeWVFbWFpbC9PZWl4OGNJNDlNNA  
 
[debug] [2019-09-05T13:27:07.864Z] <<< HTTP RESPONSE 200
[debug] [2019-09-05T13:27:07.902Z] <<< HTTP RESPONSE 200
[debug] [2019-09-05T13:27:09.867Z] >>> HTTP REQUEST GET https://cloudfunctions.googleapis.com/v1/operations/ZXhtYWNoaW5hLWJkNDgyL3VzLWNlbnRyYWwxL3NlbmRXZWxjb21lRW1haWwvdE5xSUoxMnBuUVU  
 
[debug] [2019-09-05T13:27:09.903Z] >>> HTTP REQUEST GET https://cloudfunctions.googleapis.com/v1/operations/ZXhtYWNoaW5hLWJkNDgyL3VzLWNlbnRyYWwxL3NlbmRCeWVFbWFpbC9PZWl4OGNJNDlNNA  
 
[debug] [2019-09-05T13:27:10.131Z] <<< HTTP RESPONSE 200
[debug] [2019-09-05T13:27:10.170Z] <<< HTTP RESPONSE 200
[debug] [2019-09-05T13:27:12.136Z] >>> HTTP REQUEST GET https://cloudfunctions.googleapis.com/v1/operations/ZXhtYWNoaW5hLWJkNDgyL3VzLWNlbnRyYWwxL3NlbmRXZWxjb21lRW1haWwvdE5xSUoxMnBuUVU  
 
[debug] [2019-09-05T13:27:12.175Z] >>> HTTP REQUEST GET https://cloudfunctions.googleapis.com/v1/operations/ZXhtYWNoaW5hLWJkNDgyL3VzLWNlbnRyYWwxL3NlbmRCeWVFbWFpbC9PZWl4OGNJNDlNNA  
 
[debug] [2019-09-05T13:27:12.414Z] <<< HTTP RESPONSE 200
[debug] [2019-09-05T13:27:12.443Z] <<< HTTP RESPONSE 200
[debug] [2019-09-05T13:27:14.416Z] >>> HTTP REQUEST GET https://cloudfunctions.googleapis.com/v1/operations/ZXhtYWNoaW5hLWJkNDgyL3VzLWNlbnRyYWwxL3NlbmRXZWxjb21lRW1haWwvdE5xSUoxMnBuUVU  
 
[debug] [2019-09-05T13:27:14.445Z] >>> HTTP REQUEST GET https://cloudfunctions.googleapis.com/v1/operations/ZXhtYWNoaW5hLWJkNDgyL3VzLWNlbnRyYWwxL3NlbmRCeWVFbWFpbC9PZWl4OGNJNDlNNA  
 
[debug] [2019-09-05T13:27:14.687Z] <<< HTTP RESPONSE 200
[debug] [2019-09-05T13:27:14.724Z] <<< HTTP RESPONSE 200
